<?xml version="1.0" encoding="UTF-8"?>
<!-- Generated by org.testng.reporters.JUnitReportReporter -->
<testsuite hostname="DESKTOP-AEI6VM2" failures="0" tests="1" name="com.TestCase.Login_Yahoo" time="16.764" errors="0" timestamp="2021-04-02T11:03:16 BDT" skipped="0">
  <testcase classname="com.TestCase.Login_Yahoo" name="loginYahoo" time="16.764"/>
  <system-out>
clickeble locator found By.xpath: //input[@id='login-username'] clickeble locator found By.xpath: //input[@id='login-signin'] clickeble locator found By.xpath: //input[@id='login-passwd'] clickeble locator found By.xpath: //button[@id='login-signin'] clickeble locator found By.xpath: //a[@data-test-id='compose-button'] clickeble locator found By.xpath: //input[@id='message-to-field'] clickeble locator found By.xpath: //input[contains(@data-test-id,'compose-subject')] clickeble locator found By.xpath: //div[@data-test-id='rte'] clickeble locator found By.xpath: //button[@data-test-id='compose-send-button'] <img src = "file://E:\JAVA PROJECT\STS\AutomationFrameworkYahoo\ScreenShot\Yahoo-login-20210402_110313.png" alt = ""/>  </system-out>
</testsuite> <!-- com.TestCase.Login_Yahoo -->
